<?xml version="1.0" encoding="UTF-8"?>
<testsuite xmlns:xsi="http://www.w3.org/2001/XMLSchema-instance" xsi:noNamespaceSchemaLocation="https://maven.apache.org/surefire/maven-surefire-plugin/xsd/surefire-test-report-3.0.xsd" version="3.0" name="pe.edu.upc.demo.DemoApplicationTests" time="19.324" tests="1" errors="0" skipped="0" failures="0">
  <properties>
[...]
</properties>
  <testcase name="contextLoads" classname="pe.edu.upc.demo.DemoApplicationTests" time="0.44">
    <system-out><![CDATA[04:45:25.256 [main] INFO org.springframework.test.context.support.AnnotationConfigContextLoaderUtils -- Could not detect default configuration classes for test class [pe.edu.upc.demo.DemoApplicationTests]: DemoApplicationTests does not declare any static, non-private, non-final, nested classes annotated with @Configuration.
04:45:25.416 [main] INFO org.springframework.boot.test.context.SpringBootTestContextBootstrapper -- Found @SpringBootConfiguration pe.edu.upc.demo.DemoApplication for test class pe.edu.upc.demo.DemoApplicationTests
04:45:25.605 [main] INFO org.springframework.boot.devtools.restart.RestartApplicationListener -- Restart disabled due to context in which it is running

  .   ____          _            __ _ _
 /\\ / ___'_ __ _ _(_)_ __  __ _ \ \ \ \
( ( )\___ | '_ | '_| | '_ \/ _` | \ \ \ \
 \\/  ___)| |_)| | | | | || (_| |  ) ) ) )
  '  |____| .__|_| |_|_| |_\__, | / / / /
 =========|_|==============|___/=/_/_/_/

 :: Spring Boot ::                (v3.3.2)

2024-09-17T04:45:25.863-05:00  INFO 18096 --- [demo] [           main] pe.edu.upc.demo.DemoApplicationTests     : Starting DemoApplicationTests using Java 21.0.4 with PID 18096 (started by jnava in C:\Users\jnava\Documents\GitHub\Trabajo-G06)
2024-09-17T04:45:25.864-05:00  INFO 18096 --- [demo] [           main] pe.edu.upc.demo.DemoApplicationTests     : No active profile set, falling back to 1 default profile: "default"
2024-09-17T04:45:27.450-05:00  INFO 18096 --- [demo] [           main] .s.d.r.c.RepositoryConfigurationDelegate : Bootstrapping Spring Data JPA repositories in DEFAULT mode.
2024-09-17T04:45:27.553-05:00  INFO 18096 --- [demo] [           main] .s.d.r.c.RepositoryConfigurationDelegate : Finished Spring Data repository scanning in 90 ms. Found 12 JPA repository interfaces.
2024-09-17T04:45:28.135-05:00  INFO 18096 --- [demo] [           main] o.hibernate.jpa.internal.util.LogHelper  : HHH000204: Processing PersistenceUnitInfo [name: default]
2024-09-17T04:45:28.203-05:00  INFO 18096 --- [demo] [           main] org.hibernate.Version                    : HHH000412: Hibernate ORM core version 6.5.2.Final
2024-09-17T04:45:28.244-05:00  INFO 18096 --- [demo] [           main] o.h.c.internal.RegionFactoryInitiator    : HHH000026: Second-level cache disabled
2024-09-17T04:45:28.608-05:00  INFO 18096 --- [demo] [           main] o.s.o.j.p.SpringPersistenceUnitInfo      : No LoadTimeWeaver setup: ignoring JPA class transformer
2024-09-17T04:45:28.638-05:00  INFO 18096 --- [demo] [           main] com.zaxxer.hikari.HikariDataSource       : HikariPool-1 - Starting...
2024-09-17T04:45:30.979-05:00  INFO 18096 --- [demo] [           main] com.zaxxer.hikari.pool.HikariPool        : HikariPool-1 - Added connection org.postgresql.jdbc.PgConnection@2e93108a
2024-09-17T04:45:30.980-05:00  INFO 18096 --- [demo] [           main] com.zaxxer.hikari.HikariDataSource       : HikariPool-1 - Start completed.
2024-09-17T04:45:31.216-05:00  WARN 18096 --- [demo] [           main] org.hibernate.orm.deprecation            : HHH90000025: PostgreSQLDialect does not need to be specified explicitly using 'hibernate.dialect' (remove the property setting and it will be selected by default)
2024-09-17T04:45:32.624-05:00  INFO 18096 --- [demo] [           main] o.h.e.t.j.p.i.JtaPlatformInitiator       : HHH000489: No JTA platform available (set 'hibernate.transaction.jta.platform' to enable JTA platform integration)
2024-09-17T04:45:42.418-05:00  INFO 18096 --- [demo] [           main] j.LocalContainerEntityManagerFactoryBean : Initialized JPA EntityManagerFactory for persistence unit 'default'
2024-09-17T04:45:42.731-05:00  INFO 18096 --- [demo] [           main] o.s.d.j.r.query.QueryEnhancerFactory     : Hibernate is in classpath; If applicable, HQL parser will be used.
2024-09-17T04:45:43.112-05:00  WARN 18096 --- [demo] [           main] JpaBaseConfiguration$JpaWebConfiguration : spring.jpa.open-in-view is enabled by default. Therefore, database queries may be performed during view rendering. Explicitly configure spring.jpa.open-in-view to disable this warning
2024-09-17T04:45:43.663-05:00  WARN 18096 --- [demo] [           main] .s.s.UserDetailsServiceAutoConfiguration : 

Using generated security password: ee71aee7-64db-451c-90fb-f6b6b6f3655a

This generated password is for development use only. Your security configuration must be updated before running your application in production.

2024-09-17T04:45:43.685-05:00  INFO 18096 --- [demo] [           main] r$InitializeUserDetailsManagerConfigurer : Global AuthenticationManager configured with UserDetailsService bean with name inMemoryUserDetailsManager
2024-09-17T04:45:43.870-05:00  INFO 18096 --- [demo] [           main] pe.edu.upc.demo.DemoApplicationTests     : Started DemoApplicationTests in 18.282 seconds (process running for 19.67)
]]></system-out>
    <system-err><![CDATA[WARNING: A Java agent has been loaded dynamically (C:\Users\jnava\.m2\repository\net\bytebuddy\byte-buddy-agent\1.14.18\byte-buddy-agent-1.14.18.jar)
WARNING: If a serviceability tool is in use, please run with -XX:+EnableDynamicAgentLoading to hide this warning
WARNING: If a serviceability tool is not in use, please run with -Djdk.instrument.traceUsage for more information
WARNING: Dynamic loading of agents will be disallowed by default in a future release
]]></system-err>
  </testcase>
</testsuite>